<?xml version="1.0" encoding="UTF-8"?>
<testsuite name="ChallengesTest$BadFibonacci" tests="2" skipped="0" failures="0" errors="0" timestamp="2021-09-23T04:22:34" hostname="Clays-Air.lan" time="0.005">
  <properties/>
  <testcase name="tenth fibonacci number is 55()" classname="ChallengesTest$BadFibonacci" time="0.001"/>
  <testcase name="second fibonacci number is 1()" classname="ChallengesTest$BadFibonacci" time="0.001"/>
  <system-out><![CDATA[]]></system-out>
  <system-err><![CDATA[]]></system-err>
</testsuite>
