<?xml version="1.0" encoding="UTF-8"?>
<testsuite name="StandardDeviationTest" tests="1" skipped="0" failures="0" errors="0" timestamp="2021-09-23T04:22:34" hostname="Clays-Air.lan" time="0.06">
  <properties/>
  <testcase name="standard deviation sample formula()" classname="StandardDeviationTest" time="0.06"/>
  <system-out><![CDATA[]]></system-out>
  <system-err><![CDATA[]]></system-err>
</testsuite>
