<?xml version="1.0" encoding="UTF-8"?>
<testsuite name="ChallengesTest$AddUpTo" tests="2" skipped="0" failures="0" errors="0" timestamp="2021-09-23T04:22:34" hostname="Clays-Air.lan" time="0.003">
  <properties/>
  <testcase name="all numbers up to two add up to three()" classname="ChallengesTest$AddUpTo" time="0.002"/>
  <testcase name="all numbers up to 5 add up to fifteen()" classname="ChallengesTest$AddUpTo" time="0.001"/>
  <system-out><![CDATA[]]></system-out>
  <system-err><![CDATA[]]></system-err>
</testsuite>
