<?xml version="1.0" encoding="UTF-8"?>
<testsuite name="ChallengesTest$AnyCallBack" tests="2" skipped="0" failures="0" errors="0" timestamp="2021-09-23T04:22:34" hostname="Clays-Air.lan" time="0.006">
  <properties/>
  <testcase name="anyCallBack fails with list of 1 to 3()" classname="ChallengesTest$AnyCallBack" time="0.001"/>
  <testcase name="anyCallBack passes with list of 1 to 4()" classname="ChallengesTest$AnyCallBack" time="0.002"/>
  <system-out><![CDATA[]]></system-out>
  <system-err><![CDATA[]]></system-err>
</testsuite>
