<?xml version="1.0" encoding="UTF-8"?>
<testsuite name="ChallengesTest$GetAllPairs" tests="1" skipped="0" failures="0" errors="0" timestamp="2021-09-23T04:22:34" hostname="Clays-Air.lan" time="0.001">
  <properties/>
  <testcase name="all pairs 0 to 3()" classname="ChallengesTest$GetAllPairs" time="0.001"/>
  <system-out><![CDATA[]]></system-out>
  <system-err><![CDATA[]]></system-err>
</testsuite>
